[INFO] Scanning for projects...
[INFO] 
[INFO] -----------------------< Group1:ShoesOnlineShop >-----------------------
[INFO] Building ShoesOnlineShop 0.0.1-SNAPSHOT
[INFO]   from pom.xml
[INFO] --------------------------------[ jar ]---------------------------------
[INFO] 
[INFO] --- clean:3.3.2:clean (default-clean) @ ShoesOnlineShop ---
[INFO] Deleting D:\SWP_Project\New_Code\ShoesOnlineShop\target
[INFO] 
[INFO] --- resources:3.3.1:resources (default-resources) @ ShoesOnlineShop ---
[INFO] Copying 1 resource from src\main\resources to target\classes
[INFO] Copying 23 resources from src\main\resources to target\classes
[INFO] 
[INFO] --- compiler:3.13.0:compile (default-compile) @ ShoesOnlineShop ---
[INFO] Recompiling the module because of changed source code.
[INFO] Compiling 34 source files with javac [debug parameters release 17] to target\classes
[INFO] 
[INFO] --- resources:3.3.1:testResources (default-testResources) @ ShoesOnlineShop ---
[INFO] skip non existing resourceDirectory D:\SWP_Project\New_Code\ShoesOnlineShop\src\test\resources
[INFO] 
[INFO] --- compiler:3.13.0:testCompile (default-testCompile) @ ShoesOnlineShop ---
[INFO] Recompiling the module because of changed dependency.
[INFO] Compiling 3 source files with javac [debug parameters release 17] to target\test-classes
[INFO] ------------------------------------------------------------------------
[INFO] BUILD SUCCESS
[INFO] ------------------------------------------------------------------------
[INFO] Total time:  4.022 s
[INFO] Finished at: 2026-03-18T18:16:55+07:00
[INFO] ------------------------------------------------------------------------
